2024-12-16 10:09:54.604891 - admin@host - ls
2024-12-16 10:09:54.605509 - admin@host - cd docs
2024-12-16 10:09:54.605920 - admin@host - ls
2024-12-16 10:09:54.606380 - admin@host - cd ..
2024-12-16 10:09:54.606715 - admin@host - wc README.md
2024-12-16 10:09:54.608483 - admin@host - cd src
2024-12-16 10:09:54.608898 - admin@host - du script.py
2024-12-16 10:09:54.609305 - admin@host - history
2024-12-16 10:10:16.940702 - admin@host - ls
2024-12-16 10:10:24.819195 - admin@host - cd docs
2024-12-16 10:10:32.391991 - admin@host - cd ..
2024-12-16 10:10:51.158465 - admin@host - cd docs
2024-12-16 10:10:54.855090 - admin@host - ls
2024-12-16 10:11:07.504600 - admin@host - wc guide.txt
2024-12-16 10:11:23.299005 - admin@host - cd ..
2024-12-16 10:11:27.671517 - admin@host - history
2024-12-16 10:12:20.934075 - admin@host - du -h
2024-12-16 10:12:37.120657 - admin@host - cd docs
2024-12-16 10:12:43.012911 - admin@host - du -h
2024-12-16 10:12:53.824918 - admin@host - cd ..
2024-12-16 10:12:58.645225 - admin@host - ls
2024-12-16 10:13:09.254608 - admin@host - du config.cfd
2024-12-16 10:13:22.123291 - admin@host - du docs
2024-12-16 10:13:44.772310 - admin@host - exit
2024-12-16 10:15:16.389775 - admin@host - ls
2024-12-16 10:15:16.390284 - admin@host - cd docs
2024-12-16 10:15:16.390783 - admin@host - ls
2024-12-16 10:15:16.391251 - admin@host - cd ..
2024-12-16 10:15:16.391633 - admin@host - wc README.md
2024-12-16 10:15:16.393815 - admin@host - cd src
2024-12-16 10:15:16.394180 - admin@host - du script.py
2024-12-16 10:15:16.394591 - admin@host - history
2024-12-16 10:15:23.892401 - admin@host - history
2024-12-16 10:16:05.507485 - admin@host - exit
2024-12-16 10:16:35.881338 - admin@host - ls
2024-12-16 10:16:35.881860 - admin@host - cd docs
2024-12-16 10:16:35.882217 - admin@host - ls
2024-12-16 10:16:35.882641 - admin@host - cd ..
2024-12-16 10:16:35.882947 - admin@host - wc README.md
2024-12-16 10:16:35.884786 - admin@host - cd src
2024-12-16 10:16:35.885222 - admin@host - du script.py
2024-12-16 10:16:35.885706 - admin@host - history
2024-12-16 10:16:45.250776 - admin@host - exit
2024-12-16 10:17:00.027729 - admin@host - ls
2024-12-16 10:17:00.028290 - admin@host - cd docs
2024-12-16 10:17:00.028674 - admin@host - ls
2024-12-16 10:17:00.029115 - admin@host - cd ..
2024-12-16 10:17:00.029422 - admin@host - wc README.md
2024-12-16 10:17:00.031593 - admin@host - cd src
2024-12-16 10:17:00.031982 - admin@host - du script.py
2024-12-16 10:17:00.032356 - admin@host - history
2024-12-16 10:17:22.321051 - admin@host - ls
2024-12-16 10:17:34.322276 - admin@host - wc config.cfg
2024-12-16 10:17:45.277552 - admin@host - wc readme.md
2024-12-16 10:17:50.865336 - admin@host - cd docs
2024-12-16 10:17:53.350306 - admin@host - ls
2024-12-16 10:18:03.152915 - admin@host - wc guide.txt
2024-12-16 10:18:20.292119 - admin@host - cd ..
2024-12-16 10:18:34.840019 - admin@host - du docs
2024-12-16 10:18:49.414863 - admin@host - exit
2024-12-16 10:20:57.757472 - admin@host - ls
2024-12-16 10:20:57.758028 - admin@host - cd docs
2024-12-16 10:20:57.758424 - admin@host - ls
2024-12-16 10:20:57.758853 - admin@host - cd ..
2024-12-16 10:20:57.759162 - admin@host - wc README.md
2024-12-16 10:20:57.761425 - admin@host - cd src
2024-12-16 10:20:57.761813 - admin@host - du script.py
2024-12-16 10:20:57.762187 - admin@host - history
2024-12-16 10:21:01.319957 - admin@host - exit
2024-12-16 10:21:37.453280 - admin@host - ls
2024-12-16 10:21:37.453820 - admin@host - cd docs
2024-12-16 10:21:37.454217 - admin@host - ls
2024-12-16 10:21:37.454668 - admin@host - cd ..
2024-12-16 10:21:37.454997 - admin@host - wc README.md
2024-12-16 10:21:37.456866 - admin@host - cd src
2024-12-16 10:21:37.457237 - admin@host - du script.py
2024-12-16 10:21:37.457595 - admin@host - history
2024-12-16 10:21:42.531574 - admin@host - ls
2024-12-16 10:21:48.790317 - admin@host - cd docs
2024-12-16 10:21:51.737676 - admin@host - ls
2024-12-16 10:22:03.055320 - admin@host - cd ..
2024-12-16 10:22:07.718769 - admin@host - history
2024-12-16 10:22:23.643380 - admin@host - ls
2024-12-16 10:22:34.279135 - admin@host - wc config.dfg
2024-12-16 10:22:51.537994 - admin@host - wc confid.cfg
2024-12-16 10:23:06.113029 - admin@host - wc config.cfd
2024-12-16 10:23:12.079137 - admin@host - ls
2024-12-16 10:23:23.334911 - admin@host - cd config.cfd
2024-12-16 10:23:46.001559 - admin@host -  wc config.cfg
2024-12-16 10:24:17.960543 - admin@host - cd docs
2024-12-16 10:24:23.074562 - admin@host - ls
2024-12-16 10:24:32.673717 - admin@host - wc guide.txt
2024-12-16 10:24:37.289945 - admin@host - cd ..
2024-12-16 10:24:52.408171 - admin@host - du docs
2024-12-16 10:25:44.273096 - admin@host - exit
2024-12-16 17:23:58.806199 - admin@host - ls
2024-12-16 17:23:58.807158 - admin@host - cd docs
2024-12-16 17:23:58.807404 - admin@host - ls
2024-12-16 17:23:58.807650 - admin@host - cd ..
2024-12-16 17:23:58.807819 - admin@host - wc README.md
2024-12-16 17:23:58.813400 - admin@host - cd src
2024-12-16 17:23:58.813690 - admin@host - du script.py
2024-12-16 17:23:58.813948 - admin@host - history
2024-12-16 17:24:10.351060 - admin@host - ls
2024-12-16 17:24:19.048944 - admin@host - cd docs
2024-12-16 17:24:24.741316 - admin@host - ls
2024-12-16 17:25:26.333743 - admin@host - wc guide.txt
2024-12-16 17:25:30.467658 - admin@host - exit
2024-12-16 17:48:27.878826 - admin@host - ls
2024-12-16 17:48:27.879253 - admin@host - cd docs
2024-12-16 17:48:27.879517 - admin@host - ls
2024-12-16 17:48:27.879841 - admin@host - cd ..
2024-12-16 17:48:27.880051 - admin@host - wc README.md
2024-12-16 17:48:27.881460 - admin@host - cd src
2024-12-16 17:48:27.881743 - admin@host - du script.py
2024-12-16 17:48:27.882024 - admin@host - history
2024-12-16 17:48:33.204967 - admin@host - exit
2024-12-16 17:49:01.356154 - admin@host - ls
2024-12-16 17:49:01.356522 - admin@host - cd docs
2024-12-16 17:49:01.356793 - admin@host - ls
2024-12-16 17:49:01.357118 - admin@host - cd ..
2024-12-16 17:49:01.357353 - admin@host - wc README.md
2024-12-16 17:49:01.358861 - admin@host - cd src
2024-12-16 17:49:01.359205 - admin@host - du script.py
2024-12-16 17:49:01.359530 - admin@host - history
2024-12-16 17:49:09.406233 - admin@host - ls
2024-12-16 17:49:24.507565 - admin@host - cd docs
2024-12-16 17:49:26.961453 - admin@host - ls
2024-12-16 17:49:44.057034 - admin@host - exit
2024-12-16 17:49:58.437617 - admin@host - ls
2024-12-16 17:49:58.438050 - admin@host - cd docs
2024-12-16 17:49:58.438331 - admin@host - ls
2024-12-16 17:49:58.438630 - admin@host - cd ..
2024-12-16 17:49:58.438863 - admin@host - wc README.md
2024-12-16 17:49:58.440390 - admin@host - cd src
2024-12-16 17:49:58.440691 - admin@host - du script.py
2024-12-16 17:49:58.440955 - admin@host - history
2024-12-16 17:50:11.788421 - admin@host - history
2024-12-16 17:50:19.885235 - admin@host - ls
2024-12-17 15:26:30.179550 - admin@host - ls
2024-12-17 15:26:30.180512 - admin@host - cd docs
2024-12-17 15:26:30.180876 - admin@host - ls
2024-12-17 15:26:30.181301 - admin@host - cd ..
2024-12-17 15:26:30.181602 - admin@host - wc README.md
2024-12-17 15:26:30.189890 - admin@host - cd src
2024-12-17 15:26:30.190274 - admin@host - du script.py
2024-12-17 15:26:30.190573 - admin@host - history
2024-12-17 15:26:39.218224 - admin@host - ls
2024-12-17 15:26:55.698676 - admin@host - exit
2024-12-17 15:28:30.578311 - admin@host - ls
2024-12-17 15:28:30.578718 - admin@host - cd docs
2024-12-17 15:28:30.578988 - admin@host - ls
2024-12-17 15:28:30.579333 - admin@host - cd ..
2024-12-17 15:28:30.579689 - admin@host - wc README.md
2024-12-17 15:28:30.581153 - admin@host - cd src
2024-12-17 15:28:30.581430 - admin@host - du script.py
2024-12-17 15:28:30.581731 - admin@host - history
2024-12-17 15:28:34.802777 - admin@host - ls
2024-12-17 15:28:45.285516 - admin@host - cd docs
2024-12-17 15:28:47.657902 - admin@host - ls
2024-12-17 15:28:53.862276 - admin@host - cd ..
2024-12-17 15:28:57.295105 - admin@host - exit
2024-12-17 15:33:29.962761 - admin@host - ls
2024-12-17 15:33:29.962761 - admin@host - cd docs
2024-12-17 15:33:29.962761 - admin@host - ls
2024-12-17 15:33:29.962761 - admin@host - cd ..
2024-12-17 15:33:29.962761 - admin@host - wc README.md
2024-12-17 15:33:29.979135 - admin@host - cd src
2024-12-17 15:33:29.979638 - admin@host - du script.py
2024-12-17 15:33:29.979638 - admin@host - history
2024-12-17 15:33:35.709493 - admin@host - ls
2024-12-17 15:33:49.459327 - admin@host - wc
2024-12-17 15:40:05.169873 - ls
2024-12-17 15:40:05.172908 - cd docs
2024-12-17 15:40:05.173917 - ls
2024-12-17 15:40:05.174928 - cd ..
2024-12-17 15:40:05.174928 - wc README.md
2024-12-17 15:40:05.177243 - cd src
2024-12-17 15:40:05.178610 - du script.py
2024-12-17 15:40:05.178610 - history
2024-12-17 15:40:10.622082 - ะดั
2024-12-17 15:40:12.509251 - ls
2024-12-17 15:40:32.708468 - cd docs
2024-12-17 15:40:35.396124 - ls
2024-12-17 16:04:36.033539 - ls
2024-12-17 16:04:36.033539 - cd docs
2024-12-17 16:04:36.034539 - ls
2024-12-17 16:04:36.034539 - cd ..
2024-12-17 16:04:36.035561 - wc README.md
2024-12-17 16:04:36.036752 - cd src
2024-12-17 16:04:36.036752 - du script.py
2024-12-17 16:04:36.036752 - history
2024-12-17 16:04:57.898270 - cd
2024-12-17 16:05:06.001246 - exity
2024-12-17 16:05:08.344938 - exit
2024-12-17 16:06:05.611398 - ls
2024-12-17 16:06:05.611398 - cd docs
2024-12-17 16:06:05.611398 - ls
2024-12-17 16:06:05.611398 - cd ..
2024-12-17 16:06:05.611398 - wc README.md
2024-12-17 16:06:05.627072 - cd src
2024-12-17 16:06:42.326272 - ls
2024-12-17 16:06:49.429140 - wc readme.md
2024-12-17 16:07:00.977353 - chown readme.md
2024-12-17 16:07:35.049768 - exit
2024-12-17 18:27:03.791114 - ls
2024-12-17 18:27:03.792285 - cd docs
2024-12-17 18:27:03.793285 - ls
2024-12-17 18:27:03.793285 - cd ..
2024-12-17 18:27:03.793285 - wc README.md
2024-12-17 18:27:03.798402 - cd src
2024-12-17 18:29:31.146355 - chown Arthur
2024-12-17 18:29:41.750590 - chown readme.md Arthur
2024-12-17 18:29:50.090346 - chown README.md Arthur
2024-12-17 18:29:53.932811 - ls
2024-12-17 18:30:28.897290 - chown Arthur readme.md
2024-12-17 18:30:49.106449 - exit
2024-12-17 18:30:50.477348 - ls
2024-12-17 18:30:50.477348 - cd docs
2024-12-17 18:30:50.477348 - ls
2024-12-17 18:30:50.478378 - cd ..
2024-12-17 18:30:50.478378 - wc README.md
2024-12-17 18:30:50.479429 - cd src
2024-12-17 18:30:53.183020 - chown Arthur readme.md
2024-12-17 18:31:30.260612 - wc readme.ms
2024-12-17 18:31:32.693264 - wc readme.md
2024-12-17 18:33:29.342923 - wc confi.cfg
2024-12-17 18:33:33.098797 - wc config.cfg
2024-12-17 18:34:11.667345 - exit
2024-12-17 18:35:35.241465 - ls
2024-12-17 18:35:35.242487 - cd docs
2024-12-17 18:35:35.242487 - ls
2024-12-17 18:35:35.242487 - cd ..
2024-12-17 18:35:35.243506 - wc README.md
2024-12-17 18:35:35.244531 - cd src
2024-12-17 18:35:49.431538 - wc readme.md
2024-12-18 18:48:35.645664 - ls
2024-12-18 18:48:35.646621 - cd docs
2024-12-18 18:48:35.647124 - ls
2024-12-18 18:48:35.647124 - cd ..
2024-12-18 18:48:35.647124 - wc README.md
2024-12-18 18:48:35.651650 - cd src
2024-12-18 18:48:48.152993 - ls
2024-12-18 18:48:53.155792 - cd docs
2024-12-18 18:48:57.494787 - ls
2024-12-18 18:49:04.789242 - cd `
2024-12-18 18:49:12.198168 - exit
